 RESULTS OF CHAIN NEAR A SPHERE RUN

 PACKING FRACTION         0.5495
  NUMBER OF BEADS            2
 NUMBER OF CHAINS              2
      DELTA CHAIN          0.1000
   DELTA INTERNAL          0.1000
 RADIUS OF LARGER SPHERE         1.0000

 NO. TOTAL MOVES       100
 NUMBER OF SKIPS        10

       BIN SIZE       0.0100
 NUMBER OF BINS       100

 Move statistics

             TRANSLATION DICKMAN  REPTATION       CCB
 ATTEMPTED            0        100          0
 SUCCESSFUL           0          0          0
 FRACTION        0.00000     0.00000     0.00000

 DENSITY PROFILES NEAR A SPHERE
          1      0.00500   0.0000E+00    0.0000E+00    0.0000E+00
          2      0.01500   0.0000E+00    0.0000E+00    0.0000E+00
          3      0.02500   0.0000E+00    0.0000E+00    0.0000E+00
          4      0.03500   0.0000E+00    0.0000E+00    0.0000E+00
          5      0.04500   0.0000E+00    0.0000E+00    0.0000E+00
          6      0.05500   0.0000E+00    0.0000E+00    0.0000E+00
          7      0.06500   0.0000E+00    0.0000E+00    0.0000E+00
          8      0.07500   0.0000E+00    0.0000E+00    0.0000E+00
          9      0.08500   0.0000E+00    0.0000E+00    0.0000E+00
         10      0.09500   0.0000E+00    0.0000E+00    0.0000E+00
         11      0.10500   0.0000E+00    0.0000E+00    0.0000E+00
         12      0.11500   0.0000E+00    0.0000E+00    0.0000E+00
         13      0.12500   0.0000E+00    0.0000E+00    0.0000E+00
         14      0.13500   0.0000E+00    0.0000E+00    0.0000E+00
         15      0.14500   0.0000E+00    0.0000E+00    0.0000E+00
         16      0.15500   0.0000E+00    0.0000E+00    0.0000E+00
         17      0.16500   0.0000E+00    0.0000E+00    0.0000E+00
         18      0.17500   0.2598E+03    0.2598E+03    0.2598E+03
         19      0.18500   0.0000E+00    0.0000E+00    0.0000E+00
         20      0.19500   0.0000E+00    0.0000E+00    0.0000E+00
         21      0.20500   0.0000E+00    0.0000E+00    0.0000E+00
         22      0.21500   0.0000E+00    0.0000E+00    0.0000E+00
         23      0.22500   0.0000E+00    0.0000E+00    0.0000E+00
         24      0.23500   0.0000E+00    0.0000E+00    0.0000E+00
         25      0.24500   0.3977E+03    0.3977E+03    0.3977E+03
         26      0.25500   0.0000E+00    0.0000E+00    0.0000E+00
         27      0.26500   0.0000E+00    0.0000E+00    0.0000E+00
         28      0.27500   0.0000E+00    0.0000E+00    0.0000E+00
         29      0.28500   0.0000E+00    0.0000E+00    0.0000E+00
         30      0.29500   0.0000E+00    0.0000E+00    0.0000E+00
         31      0.30500   0.0000E+00    0.0000E+00    0.0000E+00
         32      0.31500   0.0000E+00    0.0000E+00    0.0000E+00
         33      0.32500   0.0000E+00    0.0000E+00    0.0000E+00
         34      0.33500   0.0000E+00    0.0000E+00    0.0000E+00
         35      0.34500   0.0000E+00    0.0000E+00    0.0000E+00
         36      0.35500   0.0000E+00    0.0000E+00    0.0000E+00
         37      0.36500   0.0000E+00    0.0000E+00    0.0000E+00
         38      0.37500   0.0000E+00    0.0000E+00    0.0000E+00
         39      0.38500   0.0000E+00    0.0000E+00    0.0000E+00
         40      0.39500   0.0000E+00    0.0000E+00    0.0000E+00
         41      0.40500   0.0000E+00    0.0000E+00    0.0000E+00
         42      0.41500   0.0000E+00    0.0000E+00    0.0000E+00
         43      0.42500   0.0000E+00    0.0000E+00    0.0000E+00
         44      0.43500   0.0000E+00    0.0000E+00    0.0000E+00
         45      0.44500   0.0000E+00    0.0000E+00    0.0000E+00
         46      0.45500   0.0000E+00    0.0000E+00    0.0000E+00
         47      0.46500   0.0000E+00    0.0000E+00    0.0000E+00
         48      0.47500   0.0000E+00    0.0000E+00    0.0000E+00
         49      0.48500   0.0000E+00    0.0000E+00    0.0000E+00
         50      0.49500   0.0000E+00    0.0000E+00    0.0000E+00
         51      0.50500   0.0000E+00    0.0000E+00    0.0000E+00
         52      0.51500   0.0000E+00    0.0000E+00    0.0000E+00
         53      0.52500   0.0000E+00    0.0000E+00    0.0000E+00
         54      0.53500   0.0000E+00    0.0000E+00    0.0000E+00
         55      0.54500   0.0000E+00    0.0000E+00    0.0000E+00
         56      0.55500   0.0000E+00    0.0000E+00    0.0000E+00
         57      0.56500   0.0000E+00    0.0000E+00    0.0000E+00
         58      0.57500   0.0000E+00    0.0000E+00    0.0000E+00
         59      0.58500   0.0000E+00    0.0000E+00    0.0000E+00
         60      0.59500   0.0000E+00    0.0000E+00    0.0000E+00
         61      0.60500   0.0000E+00    0.0000E+00    0.0000E+00
         62      0.61500   0.0000E+00    0.0000E+00    0.0000E+00
         63      0.62500   0.0000E+00    0.0000E+00    0.0000E+00
         64      0.63500   0.0000E+00    0.0000E+00    0.0000E+00
         65      0.64500   0.0000E+00    0.0000E+00    0.0000E+00
         66      0.65500   0.0000E+00    0.0000E+00    0.0000E+00
         67      0.66500   0.0000E+00    0.0000E+00    0.0000E+00
         68      0.67500   0.0000E+00    0.0000E+00    0.0000E+00
         69      0.68500   0.0000E+00    0.0000E+00    0.0000E+00
         70      0.69500   0.0000E+00    0.0000E+00    0.0000E+00
         71      0.70500   0.0000E+00    0.0000E+00    0.0000E+00
         72      0.71500   0.0000E+00    0.0000E+00    0.0000E+00
         73      0.72500   0.0000E+00    0.0000E+00    0.0000E+00
         74      0.73500   0.0000E+00    0.0000E+00    0.0000E+00
         75      0.74500   0.0000E+00    0.0000E+00    0.0000E+00
         76      0.75500   0.0000E+00    0.0000E+00    0.0000E+00
         77      0.76500   0.0000E+00    0.0000E+00    0.0000E+00
         78      0.77500   0.0000E+00    0.0000E+00    0.0000E+00
         79      0.78500   0.0000E+00    0.0000E+00    0.0000E+00
         80      0.79500   0.0000E+00    0.0000E+00    0.0000E+00
         81      0.80500   0.0000E+00    0.0000E+00    0.0000E+00
         82      0.81500   0.0000E+00    0.0000E+00    0.0000E+00
         83      0.82500   0.0000E+00    0.0000E+00    0.0000E+00
         84      0.83500   0.0000E+00    0.0000E+00    0.0000E+00
         85      0.84500   0.0000E+00    0.0000E+00    0.0000E+00
         86      0.85500   0.0000E+00    0.0000E+00    0.0000E+00
         87      0.86500   0.0000E+00    0.0000E+00    0.0000E+00
         88      0.87500   0.0000E+00    0.0000E+00    0.0000E+00
         89      0.88500   0.0000E+00    0.0000E+00    0.0000E+00
         90      0.89500   0.0000E+00    0.0000E+00    0.0000E+00
         91      0.90500   0.0000E+00    0.0000E+00    0.0000E+00
         92      0.91500   0.0000E+00    0.0000E+00    0.0000E+00
         93      0.92500   0.0000E+00    0.0000E+00    0.0000E+00
         94      0.93500   0.0000E+00    0.0000E+00    0.0000E+00
         95      0.94500   0.0000E+00    0.0000E+00    0.0000E+00
         96      0.95500   0.0000E+00    0.0000E+00    0.0000E+00
         97      0.96500   0.0000E+00    0.0000E+00    0.0000E+00
         98      0.97500   0.0000E+00    0.0000E+00    0.0000E+00
         99      0.98500   0.0000E+00    0.0000E+00    0.0000E+00
        100      0.99500   0.0000E+00    0.0000E+00    0.0000E+00
 SEGMENTAL ORDER PARAMETER
          6      0.05500   0.5157E+01
          8      0.07500   0.4500E+01
 CENTRE OF MASS AND R2G PROFILE

 PACKING FRACTION         0.3000
  NUMBER OF BEADS            2
 NUMBER OF CHAINS              2
      DELTA CHAIN          0.1000
   DELTA INTERNAL          0.1000
 RADIUS OF LARGER SPHERE         1.0000

 NO. TOTAL MOVES       100
 NUMBER OF SKIPS        10

       BIN SIZE       0.0100      0.1000
 NUMBER OF BINS       100       10

 Move statistics

             TRANSLATION DICKMAN  REPTATION       CCB
 ATTEMPTED            0        100          0
 SUCCESSFUL           0          0          0
 FRACTION        0.00000     0.00000     0.00000

          1      0.05000   0.0000E+00    0.0000E+00    0.0000E+00    0.0000E+00    0.0000E+00    0.0000E+00    0.0000E+00    0.0000E+00    0.0000E+00
          1      0.05000   0.6953-309    0.0000E+00    0.0000E+00
          2      0.15000   0.0000E+00    0.0000E+00    0.0000E+00    0.0000E+00    0.0000E+00    0.0000E+00    0.0000E+00    0.0000E+00    0.0000E+00
          2      0.15000   0.6953-309    0.0000E+00    0.0000E+00
          3      0.25000   0.5263E+02    0.1250E-02    0.1250E-02    0.1250E-02    0.5000E-02    0.5000E-02    0.5000E-02    0.3750E-02    0.1500E-01
          3      0.25000   0.3674E+00    0.0000E+00    0.0000E+00
          4      0.35000   0.0000E+00    0.1250E-02    0.1250E-02    0.1250E-02    0.5000E-02    0.5000E-02    0.5000E-02    0.3750E-02    0.1500E-01
          4      0.35000   0.3674E+00    0.0000E+00    0.0000E+00
          5      0.45000   0.0000E+00    0.1250E-02    0.1250E-02    0.1250E-02    0.5000E-02    0.5000E-02    0.5000E-02    0.3750E-02    0.1500E-01
          5      0.45000   0.3674E+00    0.0000E+00    0.0000E+00
          6      0.55000   0.0000E+00    0.1250E-02    0.1250E-02    0.1250E-02    0.5000E-02    0.5000E-02    0.5000E-02    0.3750E-02    0.1500E-01
          6      0.55000   0.3674E+00    0.0000E+00    0.0000E+00
          7      0.65000   0.0000E+00    0.1250E-02    0.1250E-02    0.1250E-02    0.5000E-02    0.5000E-02    0.5000E-02    0.3750E-02    0.1500E-01
          7      0.65000   0.3674E+00    0.0000E+00    0.0000E+00
          8      0.75000   0.0000E+00    0.1250E-02    0.1250E-02    0.1250E-02    0.5000E-02    0.5000E-02    0.5000E-02    0.3750E-02    0.1500E-01
          8      0.75000   0.3674E+00    0.0000E+00    0.0000E+00
          9      0.85000   0.0000E+00    0.1250E-02    0.1250E-02    0.1250E-02    0.5000E-02    0.5000E-02    0.5000E-02    0.3750E-02    0.1500E-01
          9      0.85000   0.3674E+00    0.0000E+00    0.0000E+00
         10      0.95000   0.0000E+00    0.1250E-02    0.1250E-02    0.1250E-02    0.5000E-02    0.5000E-02    0.5000E-02    0.3750E-02    0.1500E-01
         10      0.95000   0.3674E+00    0.0000E+00    0.0000E+00
